<?xml version="1.0" encoding="UTF-8"?>
<testsuite name="edu.luc.cs.cs271.lab2.TestSearch" tests="12" skipped="0" failures="0" errors="0" timestamp="2017-09-26T00:12:23" hostname="elenamurphy-lab002-5380897" time="0.013">
  <properties/>
  <testcase name="testFindPositionArray10f" classname="edu.luc.cs.cs271.lab2.TestSearch" time="0.006"/>
  <testcase name="testFindPositionArray10s" classname="edu.luc.cs.cs271.lab2.TestSearch" time="0.0"/>
  <testcase name="testMinFundingArray150" classname="edu.luc.cs.cs271.lab2.TestSearch" time="0.001"/>
  <testcase name="testMinFundingArray500" classname="edu.luc.cs.cs271.lab2.TestSearch" time="0.0"/>
  <testcase name="testMinFundingArray50" classname="edu.luc.cs.cs271.lab2.TestSearch" time="0.0"/>
  <testcase name="testMinFundingArrayFast50" classname="edu.luc.cs.cs271.lab2.TestSearch" time="0.0"/>
  <testcase name="testMinFundingArrayFast150" classname="edu.luc.cs.cs271.lab2.TestSearch" time="0.001"/>
  <testcase name="testMinFundingArrayFast500" classname="edu.luc.cs.cs271.lab2.TestSearch" time="0.0"/>
  <testcase name="testFindPositionList10f" classname="edu.luc.cs.cs271.lab2.TestSearch" time="0.0"/>
  <testcase name="testFindPositionList10s" classname="edu.luc.cs.cs271.lab2.TestSearch" time="0.004"/>
  <testcase name="testFindPositionArray0" classname="edu.luc.cs.cs271.lab2.TestSearch" time="0.001"/>
  <testcase name="testFindPositionList0" classname="edu.luc.cs.cs271.lab2.TestSearch" time="0.0"/>
  <system-out><![CDATA[]]></system-out>
  <system-err><![CDATA[]]></system-err>
</testsuite>
